e:\works\jx3zhutools\jx3zhutoolscode\debug\jx3zhutoolscode.pch
e:\works\jx3zhutools\jx3zhutoolscode\debug\vc142.pdb
e:\works\jx3zhutools\jx3zhutoolscode\debug\vc142.idb
e:\works\jx3zhutools\jx3zhutoolscode\debug\stdafx.obj
e:\works\jx3zhutools\jx3zhutoolscode\debug\cpackobject.obj
e:\works\jx3zhutools\jx3zhutoolscode\debug\cpackarray.obj
e:\works\jx3zhutools\jx3zhutoolscode\debug\cobjectbase.obj
e:\works\jx3zhutools\jx3zhutoolscode\debug\cmonstertree.obj
e:\works\jx3zhutools\jx3zhutoolscode\debug\cmonsterinformation.obj
e:\works\jx3zhutools\jx3zhutoolscode\debug\clua.obj
e:\works\jx3zhutools\jx3zhutoolscode\debug\cjx3zhutools.obj
e:\works\jx3zhutools\jx3zhutoolscode\debug\cgroundtree.obj
e:\works\jx3zhutools\jx3zhutoolscode\debug\cgroundinfo.obj
e:\works\jx3zhutools\jx3zhutoolscode\debug\cgame_task.obj
e:\works\jx3zhutools\jx3zhutoolscode\debug\cgame_main.obj
e:\works\jx3zhutools\jx3zhutoolscode\debug\cgame_fish.obj
e:\works\jx3zhutools\jx3zhutoolscode\debug\cgamewndproc.obj
e:\works\jx3zhutools\jx3zhutoolscode\debug\cgamecmdsocket.obj
e:\works\jx3zhutools\jx3zhutoolscode\debug\cdoodpickups.obj
e:\works\jx3zhutools\jx3zhutoolscode\debug\ccontrolresponseteam.obj
e:\works\jx3zhutools\jx3zhutoolscode\debug\ccommon.obj
e:\works\jx3zhutools\jx3zhutoolscode\debug\ccall.obj
e:\works\jx3zhutools\jx3zhutoolscode\debug\calltasktree.obj
e:\works\jx3zhutools\jx3zhutoolscode\debug\calltaskobject.obj
e:\works\jx3zhutools\jx3zhutoolscode\debug\ctest.obj
e:\works\jx3zhutools\jx3zhutoolscode\debug\ctaskjujmentobject.obj
e:\works\jx3zhutools\jx3zhutoolscode\debug\ctaskjujimentarray.obj
e:\works\jx3zhutools\jx3zhutoolscode\debug\ctaskhasids.obj
e:\works\jx3zhutools\jx3zhutoolscode\debug\csocketcmd.obj
e:\works\jx3zhutools\jx3zhutoolscode\debug\cskillxiuweitree.obj
e:\works\jx3zhutools\jx3zhutoolscode\debug\cskillxiuweiobject.obj
e:\works\jx3zhutools\jx3zhutoolscode\debug\cskilltree.obj
e:\works\jx3zhutools\jx3zhutoolscode\debug\cskillobject.obj
e:\works\jx3zhutools\jx3zhutoolscode\debug\cshoptreeobject.obj
e:\works\jx3zhutools\jx3zhutoolscode\debug\cshoptree.obj
e:\works\jx3zhutools\jx3zhutoolscode\debug\cshopgoodpricetree.obj
e:\works\jx3zhutools\jx3zhutoolscode\debug\cshopgoodpriceobject.obj
e:\works\jx3zhutools\jx3zhutoolscode\debug\cshopgoodobject.obj
e:\works\jx3zhutools\jx3zhutoolscode\debug\cshopgoodarray.obj
e:\works\jx3zhutools\jx3zhutoolscode\debug\crolewear.obj
e:\works\jx3zhutools\jx3zhutoolscode\debug\cplayertree.obj
e:\works\jx3zhutools\jx3zhutoolscode\debug\cplayerinfomation.obj
e:\works\jx3zhutools\jx3zhutoolscode\debug\cpickupinfo.obj
e:\works\jx3zhutools\jx3zhutoolscode\debug\cpackpercelarray.obj
e:\works\jx3zhutools\jx3zhutoolscode\debug\jx3zhutoolscode.obj
e:\works\jx3zhutools\jx3zhutoolscode\debug\hook.obj
e:\works\jx3zhutools\jx3zhutoolscode\debug\global.obj
e:\works\jx3zhutools\jx3zhutoolscode\debug\cutf8.obj
e:\works\jx3zhutools\jx3zhutoolscode\debug\cuserinfo.obj
e:\works\jx3zhutools\jx3zhutoolscode\debug\cuserconfig.obj
e:\works\jx3zhutools\jx3zhutoolscode\debug\cthousands.obj
e:\works\jx3zhutools\debug\jx3zhutoolscode.lib
e:\works\jx3zhutools\debug\jx3zhutoolscode.exp
e:\works\jx3zhutools\jx3zhutoolscode\debug\jx3zhutoolscode.ilk
e:\works\jx3zhutools\debug\jx3zhutoolscode.dll
e:\works\jx3zhutools\jx3zhutoolscode\debug\jx3zhutoolscode.dll.intermediate.manifest
e:\works\jx3zhutools\debug\jx3zhutoolscode.pdb
\\?\e:\works\jx3zhutools\debug\jx3zhutoolscode.dll.manifest
e:\works\jx3zhutools\jx3zhutoolscode\debug\jx3zhutoolscode.res
e:\works\jx3zhutools\debug\jx3zhutoolscode.dll.manifest
e:\works\jx3zhutools\jx3zhutoolscode\debug\jx3zhutoolscode.tlog\cl.command.1.tlog
e:\works\jx3zhutools\jx3zhutoolscode\debug\jx3zhutoolscode.tlog\cl.read.1.tlog
e:\works\jx3zhutools\jx3zhutoolscode\debug\jx3zhutoolscode.tlog\cl.write.1.tlog
e:\works\jx3zhutools\jx3zhutoolscode\debug\jx3zhutoolscode.tlog\jx3zhutoolscode.write.1u.tlog
e:\works\jx3zhutools\jx3zhutoolscode\debug\jx3zhutoolscode.tlog\link.command.1.tlog
e:\works\jx3zhutools\jx3zhutoolscode\debug\jx3zhutoolscode.tlog\link.read.1.tlog
e:\works\jx3zhutools\jx3zhutoolscode\debug\jx3zhutoolscode.tlog\link.write.1.tlog
e:\works\jx3zhutools\jx3zhutoolscode\debug\jx3zhutoolscode.tlog\mt.command.1.tlog
e:\works\jx3zhutools\jx3zhutoolscode\debug\jx3zhutoolscode.tlog\mt.read.1.tlog
e:\works\jx3zhutools\jx3zhutoolscode\debug\jx3zhutoolscode.tlog\mt.write.1.tlog
e:\works\jx3zhutools\jx3zhutoolscode\debug\jx3zhutoolscode.tlog\rc.command.1.tlog
e:\works\jx3zhutools\jx3zhutoolscode\debug\jx3zhutoolscode.tlog\rc.read.1.tlog
e:\works\jx3zhutools\jx3zhutoolscode\debug\jx3zhutoolscode.tlog\rc.write.1.tlog
