  stdafx.cpp
  CAllTaskObject.cpp
  CAllTaskTree.cpp
  CCall.cpp
  CCommon.cpp
  CControlResponseTeam.cpp
  CDoodPickups.cpp
  CGameCmdSocket.cpp
  CGameWndProc.cpp
  CGAME_FISH.cpp
  CGAME_MAIN.cpp
  CGAME_TASK.cpp
  CGroundInfo.cpp
  CGroundTree.cpp
  CJx3ZhuTools.cpp
  CLua.cpp
  CMonsterInformation.cpp
  CMonsterTree.cpp
  CObjectBase.cpp
  CPackArray.cpp
  CPackObject.cpp
  正在生成代码...
  正在编译...
  CPackPercelArray.cpp
  CPickupInfo.cpp
  CPlayerInfomation.cpp
  CPlayerTree.cpp
  CRoleWear.cpp
  CShopGoodArray.cpp
  CShopGoodObject.cpp
  CShopGoodPriceObject.cpp
  CShopGoodPriceTree.cpp
  CShopTree.cpp
  CShopTreeObject.cpp
  CSkillObject.cpp
  CSkillTree.cpp
  CSkillXiuWeiObject.cpp
  CSkillXiuWeiTree.cpp
  CSocketCmd.cpp
  CTaskHasIDs.cpp
  CTaskJujimentArray.cpp
  CTaskJujmentObject.cpp
  CTest.cpp
  正在生成代码...
  正在编译...
  CThousands.cpp
  CUserConfig.cpp
  CUserInfo.cpp
  CUTF8.cpp
  Global.cpp
  HOOK.cpp
  Jx3ZhuToolsCode.cpp
  正在生成代码...
    正在创建库 E:\Works\Jx3ZhuTools\Debug\Jx3ZhuToolsCode.lib 和对象 E:\Works\Jx3ZhuTools\Debug\Jx3ZhuToolsCode.exp
  Jx3ZhuToolsCode.vcxproj -> E:\Works\Jx3ZhuTools\Debug\Jx3ZhuToolsCode.dll
