e:\works\jx3zhutools\lua-5.4.6\lib\debug_static\win32\lua54d.pdb
e:\works\jx3zhutools\lua-5.4.6\build\debug_static\win32\lopcodes.obj
e:\works\jx3zhutools\lua-5.4.6\build\debug_static\win32\lobject.obj
e:\works\jx3zhutools\lua-5.4.6\build\debug_static\win32\loadlib.obj
e:\works\jx3zhutools\lua-5.4.6\build\debug_static\win32\lmem.obj
e:\works\jx3zhutools\lua-5.4.6\build\debug_static\win32\lmathlib.obj
e:\works\jx3zhutools\lua-5.4.6\build\debug_static\win32\llex.obj
e:\works\jx3zhutools\lua-5.4.6\build\debug_static\win32\liolib.obj
e:\works\jx3zhutools\lua-5.4.6\build\debug_static\win32\linit.obj
e:\works\jx3zhutools\lua-5.4.6\build\debug_static\win32\lgc.obj
e:\works\jx3zhutools\lua-5.4.6\build\debug_static\win32\lfunc.obj
e:\works\jx3zhutools\lua-5.4.6\build\debug_static\win32\ldump.obj
e:\works\jx3zhutools\lua-5.4.6\build\debug_static\win32\ldo.obj
e:\works\jx3zhutools\lua-5.4.6\build\debug_static\win32\ldebug.obj
e:\works\jx3zhutools\lua-5.4.6\build\debug_static\win32\ldblib.obj
e:\works\jx3zhutools\lua-5.4.6\build\debug_static\win32\lctype.obj
e:\works\jx3zhutools\lua-5.4.6\build\debug_static\win32\lcorolib.obj
e:\works\jx3zhutools\lua-5.4.6\build\debug_static\win32\lcode.obj
e:\works\jx3zhutools\lua-5.4.6\build\debug_static\win32\lbaselib.obj
e:\works\jx3zhutools\lua-5.4.6\build\debug_static\win32\lauxlib.obj
e:\works\jx3zhutools\lua-5.4.6\build\debug_static\win32\lapi.obj
e:\works\jx3zhutools\lua-5.4.6\build\debug_static\win32\lzio.obj
e:\works\jx3zhutools\lua-5.4.6\build\debug_static\win32\lvm.obj
e:\works\jx3zhutools\lua-5.4.6\build\debug_static\win32\lutf8lib.obj
e:\works\jx3zhutools\lua-5.4.6\build\debug_static\win32\lundump.obj
e:\works\jx3zhutools\lua-5.4.6\build\debug_static\win32\ltm.obj
e:\works\jx3zhutools\lua-5.4.6\build\debug_static\win32\ltablib.obj
e:\works\jx3zhutools\lua-5.4.6\build\debug_static\win32\ltable.obj
e:\works\jx3zhutools\lua-5.4.6\build\debug_static\win32\lstrlib.obj
e:\works\jx3zhutools\lua-5.4.6\build\debug_static\win32\lstring.obj
e:\works\jx3zhutools\lua-5.4.6\build\debug_static\win32\lstate.obj
e:\works\jx3zhutools\lua-5.4.6\build\debug_static\win32\lparser.obj
e:\works\jx3zhutools\lua-5.4.6\build\debug_static\win32\loslib.obj
e:\works\jx3zhutools\lua-5.4.6\lib\debug_static\win32\lua54d.lib
e:\works\jx3zhutools\lua-5.4.6\build\debug_static\win32\lua.tlog\cl.command.1.tlog
e:\works\jx3zhutools\lua-5.4.6\build\debug_static\win32\lua.tlog\cl.read.1.tlog
e:\works\jx3zhutools\lua-5.4.6\build\debug_static\win32\lua.tlog\cl.write.1.tlog
e:\works\jx3zhutools\lua-5.4.6\build\debug_static\win32\lua.tlog\lib-link.read.1.tlog
e:\works\jx3zhutools\lua-5.4.6\build\debug_static\win32\lua.tlog\lib-link.write.1.tlog
e:\works\jx3zhutools\lua-5.4.6\build\debug_static\win32\lua.tlog\lib.command.1.tlog
